<?xml version="1.0" encoding="UTF-8"?>
<testng-results ignored="0" total="1" passed="1" failed="0" skipped="0">
  <reporter-output>
    <line>
      <![CDATA[createCustomer]]>
    </line>
  </reporter-output>
  <suite started-at="2024-01-05T13:01:47 IST" name="Suite" finished-at="2024-01-05T13:01:47 IST" duration-ms="172">
    <groups>
    </groups>
    <test started-at="2024-01-05T13:01:47 IST" name="Test" finished-at="2024-01-05T13:01:47 IST" duration-ms="172">
      <class name="com.actitime.testscript.TestCase">
        <test-method signature="createCustomer()[pri:0, instance:com.actitime.testscript.TestCase@5d0a1059]" started-at="2024-01-05T13:01:47 IST" name="createCustomer" finished-at="2024-01-05T13:01:47 IST" duration-ms="28" status="PASS">
          <reporter-output>
            <line>
              <![CDATA[createCustomer]]>
            </line>
          </reporter-output>
        </test-method> <!-- createCustomer -->
      </class> <!-- com.actitime.testscript.TestCase -->
    </test> <!-- Test -->
  </suite> <!-- Suite -->
</testng-results>
